Analysis & Synthesis report for top_alu_fpga
Tue Sep  2 19:21:43 2025
Quartus Prime Version 20.1.1 Build 720 11/11/2020 SJ Lite Edition


---------------------
; Table of Contents ;
---------------------
  1. Legal Notice
  2. Analysis & Synthesis Summary
  3. Analysis & Synthesis Settings
  4. Parallel Compilation
  5. Analysis & Synthesis Source Files Read
  6. Analysis & Synthesis Resource Usage Summary
  7. Analysis & Synthesis Resource Utilization by Entity
  8. General Register Statistics
  9. Multiplexer Restructuring Statistics (Restructuring Performed)
 10. Parameter Settings for User Entity Instance: alu:alu_inst
 11. Parameter Settings for User Entity Instance: multi_digit_display:disp_a
 12. Parameter Settings for User Entity Instance: multi_digit_display:disp_b
 13. Parameter Settings for User Entity Instance: multi_digit_display:disp_y
 14. Port Connectivity Checks: "multi_digit_display:disp_a|seven_segment_decoder:digits[0].dec"
 15. Port Connectivity Checks: "alu:alu_inst"
 16. Post-Synthesis Netlist Statistics for Top Partition
 17. Elapsed Time Per Partition
 18. Analysis & Synthesis Messages



----------------
; Legal Notice ;
----------------
Copyright (C) 2020  Intel Corporation. All rights reserved.
Your use of Intel Corporation's design tools, logic functions 
and other software and tools, and any partner logic 
functions, and any output files from any of the foregoing 
(including device programming or simulation files), and any 
associated documentation or information are expressly subject 
to the terms and conditions of the Intel Program License 
Subscription Agreement, the Intel Quartus Prime License Agreement,
the Intel FPGA IP License Agreement, or other applicable license
agreement, including, without limitation, that your use is for
the sole purpose of programming logic devices manufactured by
Intel and sold by Intel or its authorized distributors.  Please
refer to the applicable agreement for further details, at
https://fpgasoftware.intel.com/eula.



+-------------------------------------------------------------------------------+
; Analysis & Synthesis Summary                                                  ;
+---------------------------------+---------------------------------------------+
; Analysis & Synthesis Status     ; Successful - Tue Sep  2 19:21:43 2025       ;
; Quartus Prime Version           ; 20.1.1 Build 720 11/11/2020 SJ Lite Edition ;
; Revision Name                   ; top_alu_fpga                                ;
; Top-level Entity Name           ; top_alu_fpga                                ;
; Family                          ; Cyclone V                                   ;
; Logic utilization (in ALMs)     ; N/A                                         ;
; Total registers                 ; 0                                           ;
; Total pins                      ; 47                                          ;
; Total virtual pins              ; 0                                           ;
; Total block memory bits         ; 0                                           ;
; Total DSP Blocks                ; 0                                           ;
; Total HSSI RX PCSs              ; 0                                           ;
; Total HSSI PMA RX Deserializers ; 0                                           ;
; Total HSSI TX PCSs              ; 0                                           ;
; Total HSSI PMA TX Serializers   ; 0                                           ;
; Total PLLs                      ; 0                                           ;
; Total DLLs                      ; 0                                           ;
+---------------------------------+---------------------------------------------+


+---------------------------------------------------------------------------------------------------------------------------+
; Analysis & Synthesis Settings                                                                                             ;
+---------------------------------------------------------------------------------+--------------------+--------------------+
; Option                                                                          ; Setting            ; Default Value      ;
+---------------------------------------------------------------------------------+--------------------+--------------------+
; Device                                                                          ; 5CGXFC5C6F27C7     ;                    ;
; Top-level entity name                                                           ; top_alu_fpga       ; top_alu_fpga       ;
; Family name                                                                     ; Cyclone V          ; Cyclone V          ;
; Use smart compilation                                                           ; Off                ; Off                ;
; Enable parallel Assembler and Timing Analyzer during compilation                ; On                 ; On                 ;
; Enable compact report table                                                     ; Off                ; Off                ;
; Restructure Multiplexers                                                        ; Auto               ; Auto               ;
; MLAB Add Timing Constraints For Mixed-Port Feed-Through Mode Setting Don't Care ; Off                ; Off                ;
; Create Debugging Nodes for IP Cores                                             ; Off                ; Off                ;
; Preserve fewer node names                                                       ; On                 ; On                 ;
; Intel FPGA IP Evaluation Mode                                                   ; Enable             ; Enable             ;
; Verilog Version                                                                 ; Verilog_2001       ; Verilog_2001       ;
; VHDL Version                                                                    ; VHDL_1993          ; VHDL_1993          ;
; State Machine Processing                                                        ; Auto               ; Auto               ;
; Safe State Machine                                                              ; Off                ; Off                ;
; Extract Verilog State Machines                                                  ; On                 ; On                 ;
; Extract VHDL State Machines                                                     ; On                 ; On                 ;
; Ignore Verilog initial constructs                                               ; Off                ; Off                ;
; Iteration limit for constant Verilog loops                                      ; 5000               ; 5000               ;
; Iteration limit for non-constant Verilog loops                                  ; 250                ; 250                ;
; Add Pass-Through Logic to Inferred RAMs                                         ; On                 ; On                 ;
; Infer RAMs from Raw Logic                                                       ; On                 ; On                 ;
; Parallel Synthesis                                                              ; On                 ; On                 ;
; DSP Block Balancing                                                             ; Auto               ; Auto               ;
; NOT Gate Push-Back                                                              ; On                 ; On                 ;
; Power-Up Don't Care                                                             ; On                 ; On                 ;
; Remove Redundant Logic Cells                                                    ; Off                ; Off                ;
; Remove Duplicate Registers                                                      ; On                 ; On                 ;
; Ignore CARRY Buffers                                                            ; Off                ; Off                ;
; Ignore CASCADE Buffers                                                          ; Off                ; Off                ;
; Ignore GLOBAL Buffers                                                           ; Off                ; Off                ;
; Ignore ROW GLOBAL Buffers                                                       ; Off                ; Off                ;
; Ignore LCELL Buffers                                                            ; Off                ; Off                ;
; Ignore SOFT Buffers                                                             ; On                 ; On                 ;
; Limit AHDL Integers to 32 Bits                                                  ; Off                ; Off                ;
; Optimization Technique                                                          ; Balanced           ; Balanced           ;
; Carry Chain Length                                                              ; 70                 ; 70                 ;
; Auto Carry Chains                                                               ; On                 ; On                 ;
; Auto Open-Drain Pins                                                            ; On                 ; On                 ;
; Perform WYSIWYG Primitive Resynthesis                                           ; Off                ; Off                ;
; Auto ROM Replacement                                                            ; On                 ; On                 ;
; Auto RAM Replacement                                                            ; On                 ; On                 ;
; Auto DSP Block Replacement                                                      ; On                 ; On                 ;
; Auto Shift Register Replacement                                                 ; Auto               ; Auto               ;
; Allow Shift Register Merging across Hierarchies                                 ; Auto               ; Auto               ;
; Auto Clock Enable Replacement                                                   ; On                 ; On                 ;
; Strict RAM Replacement                                                          ; Off                ; Off                ;
; Allow Synchronous Control Signals                                               ; On                 ; On                 ;
; Force Use of Synchronous Clear Signals                                          ; Off                ; Off                ;
; Auto Resource Sharing                                                           ; Off                ; Off                ;
; Allow Any RAM Size For Recognition                                              ; Off                ; Off                ;
; Allow Any ROM Size For Recognition                                              ; Off                ; Off                ;
; Allow Any Shift Register Size For Recognition                                   ; Off                ; Off                ;
; Use LogicLock Constraints during Resource Balancing                             ; On                 ; On                 ;
; Ignore translate_off and synthesis_off directives                               ; Off                ; Off                ;
; Timing-Driven Synthesis                                                         ; On                 ; On                 ;
; Report Parameter Settings                                                       ; On                 ; On                 ;
; Report Source Assignments                                                       ; On                 ; On                 ;
; Report Connectivity Checks                                                      ; On                 ; On                 ;
; Ignore Maximum Fan-Out Assignments                                              ; Off                ; Off                ;
; Synchronization Register Chain Length                                           ; 3                  ; 3                  ;
; Power Optimization During Synthesis                                             ; Normal compilation ; Normal compilation ;
; HDL message level                                                               ; Level2             ; Level2             ;
; Suppress Register Optimization Related Messages                                 ; Off                ; Off                ;
; Number of Removed Registers Reported in Synthesis Report                        ; 5000               ; 5000               ;
; Number of Swept Nodes Reported in Synthesis Report                              ; 5000               ; 5000               ;
; Number of Inverted Registers Reported in Synthesis Report                       ; 100                ; 100                ;
; Clock MUX Protection                                                            ; On                 ; On                 ;
; Auto Gated Clock Conversion                                                     ; Off                ; Off                ;
; Block Design Naming                                                             ; Auto               ; Auto               ;
; SDC constraint protection                                                       ; Off                ; Off                ;
; Synthesis Effort                                                                ; Auto               ; Auto               ;
; Shift Register Replacement - Allow Asynchronous Clear Signal                    ; On                 ; On                 ;
; Pre-Mapping Resynthesis Optimization                                            ; Off                ; Off                ;
; Analysis & Synthesis Message Level                                              ; Medium             ; Medium             ;
; Disable Register Merging Across Hierarchies                                     ; Auto               ; Auto               ;
; Resource Aware Inference For Block RAM                                          ; On                 ; On                 ;
; Automatic Parallel Synthesis                                                    ; On                 ; On                 ;
; Partial Reconfiguration Bitstream ID                                            ; Off                ; Off                ;
+---------------------------------------------------------------------------------+--------------------+--------------------+


+------------------------------------------+
; Parallel Compilation                     ;
+----------------------------+-------------+
; Processors                 ; Number      ;
+----------------------------+-------------+
; Number detected on machine ; 8           ;
; Maximum allowed            ; 4           ;
;                            ;             ;
; Average used               ; 1.00        ;
; Maximum used               ; 1           ;
;                            ;             ;
; Usage by Processor         ; % Time Used ;
;     Processor 1            ; 100.0%      ;
+----------------------------+-------------+


+---------------------------------------------------------------------------------------------------------------------------------------------------------------------------------------------------------------------------------------------------------------------------------------------------+
; Analysis & Synthesis Source Files Read                                                                                                                                                                                                                                                            ;
+-------------------------------------------------------------------------------------------+-----------------+------------------------------+--------------------------------------------------------------------------------------------------------------------------------------------+---------+
; File Name with User-Entered Path                                                          ; Used in Netlist ; File Type                    ; File Name with Absolute Path                                                                                                               ; Library ;
+-------------------------------------------------------------------------------------------+-----------------+------------------------------+--------------------------------------------------------------------------------------------------------------------------------------------+---------+
; ../../../modelsim_projects/Assignment_1/Q9_Arithmetic_Logic_Unit/top_alu_fpga.sv          ; yes             ; User SystemVerilog HDL File  ; /home/maker/Documents/FH/WS2025/Programmable_Logic_Design/modelsim_projects/Assignment_1/Q9_Arithmetic_Logic_Unit/top_alu_fpga.sv          ;         ;
; ../../../modelsim_projects/Assignment_1/Q9_Arithmetic_Logic_Unit/alu.sv                   ; yes             ; User SystemVerilog HDL File  ; /home/maker/Documents/FH/WS2025/Programmable_Logic_Design/modelsim_projects/Assignment_1/Q9_Arithmetic_Logic_Unit/alu.sv                   ;         ;
; ../../../modelsim_projects/Assignment_1/Q1_Seven_Segment_Decoder/seven_segment_decoder.sv ; yes             ; User SystemVerilog HDL File  ; /home/maker/Documents/FH/WS2025/Programmable_Logic_Design/modelsim_projects/Assignment_1/Q1_Seven_Segment_Decoder/seven_segment_decoder.sv ;         ;
; ../../../modelsim_projects/Assignment_1/Q1_Seven_Segment_Decoder/multi_digit_display.sv   ; yes             ; User SystemVerilog HDL File  ; /home/maker/Documents/FH/WS2025/Programmable_Logic_Design/modelsim_projects/Assignment_1/Q1_Seven_Segment_Decoder/multi_digit_display.sv   ;         ;
+-------------------------------------------------------------------------------------------+-----------------+------------------------------+--------------------------------------------------------------------------------------------------------------------------------------------+---------+


+----------------------------------------------------------+
; Analysis & Synthesis Resource Usage Summary              ;
+---------------------------------------------+------------+
; Resource                                    ; Usage      ;
+---------------------------------------------+------------+
; Estimate of Logic utilization (ALMs needed) ; 24         ;
;                                             ;            ;
; Combinational ALUT usage for logic          ; 40         ;
;     -- 7 input functions                    ; 0          ;
;     -- 6 input functions                    ; 7          ;
;     -- 5 input functions                    ; 2          ;
;     -- 4 input functions                    ; 21         ;
;     -- <=3 input functions                  ; 10         ;
;                                             ;            ;
; Dedicated logic registers                   ; 0          ;
;                                             ;            ;
; I/O pins                                    ; 47         ;
;                                             ;            ;
; Total DSP Blocks                            ; 0          ;
;                                             ;            ;
; Maximum fan-out node                        ; A[0]~input ;
; Maximum fan-out                             ; 15         ;
; Total fan-out                               ; 245        ;
; Average fan-out                             ; 1.83       ;
+---------------------------------------------+------------+


+----------------------------------------------------------------------------------------------------------------------------------------------------------------------------------------------------------------------------------------------------------------------------+
; Analysis & Synthesis Resource Utilization by Entity                                                                                                                                                                                                                        ;
+---------------------------------------------+---------------------+---------------------------+-------------------+------------+------+--------------+------------------------------------------------------------------------------+-----------------------+--------------+
; Compilation Hierarchy Node                  ; Combinational ALUTs ; Dedicated Logic Registers ; Block Memory Bits ; DSP Blocks ; Pins ; Virtual Pins ; Full Hierarchy Name                                                          ; Entity Name           ; Library Name ;
+---------------------------------------------+---------------------+---------------------------+-------------------+------------+------+--------------+------------------------------------------------------------------------------+-----------------------+--------------+
; |top_alu_fpga                               ; 40 (0)              ; 0 (0)                     ; 0                 ; 0          ; 47   ; 0            ; |top_alu_fpga                                                                ; top_alu_fpga          ; work         ;
;    |alu:alu_inst|                           ; 19 (19)             ; 0 (0)                     ; 0                 ; 0          ; 0    ; 0            ; |top_alu_fpga|alu:alu_inst                                                   ; alu                   ; work         ;
;    |multi_digit_display:disp_a|             ; 7 (0)               ; 0 (0)                     ; 0                 ; 0          ; 0    ; 0            ; |top_alu_fpga|multi_digit_display:disp_a                                     ; multi_digit_display   ; work         ;
;       |seven_segment_decoder:digits[0].dec| ; 7 (7)               ; 0 (0)                     ; 0                 ; 0          ; 0    ; 0            ; |top_alu_fpga|multi_digit_display:disp_a|seven_segment_decoder:digits[0].dec ; seven_segment_decoder ; work         ;
;    |multi_digit_display:disp_b|             ; 7 (0)               ; 0 (0)                     ; 0                 ; 0          ; 0    ; 0            ; |top_alu_fpga|multi_digit_display:disp_b                                     ; multi_digit_display   ; work         ;
;       |seven_segment_decoder:digits[0].dec| ; 7 (7)               ; 0 (0)                     ; 0                 ; 0          ; 0    ; 0            ; |top_alu_fpga|multi_digit_display:disp_b|seven_segment_decoder:digits[0].dec ; seven_segment_decoder ; work         ;
;    |multi_digit_display:disp_y|             ; 7 (0)               ; 0 (0)                     ; 0                 ; 0          ; 0    ; 0            ; |top_alu_fpga|multi_digit_display:disp_y                                     ; multi_digit_display   ; work         ;
;       |seven_segment_decoder:digits[0].dec| ; 7 (7)               ; 0 (0)                     ; 0                 ; 0          ; 0    ; 0            ; |top_alu_fpga|multi_digit_display:disp_y|seven_segment_decoder:digits[0].dec ; seven_segment_decoder ; work         ;
+---------------------------------------------+---------------------+---------------------------+-------------------+------------+------+--------------+------------------------------------------------------------------------------+-----------------------+--------------+
Note: For table entries with two numbers listed, the numbers in parentheses indicate the number of resources of the given type used by the specific entity alone. The numbers listed outside of parentheses indicate the total resources of the given type used by the specific entity and all of its sub-entities in the hierarchy.


+------------------------------------------------------+
; General Register Statistics                          ;
+----------------------------------------------+-------+
; Statistic                                    ; Value ;
+----------------------------------------------+-------+
; Total registers                              ; 0     ;
; Number of registers using Synchronous Clear  ; 0     ;
; Number of registers using Synchronous Load   ; 0     ;
; Number of registers using Asynchronous Clear ; 0     ;
; Number of registers using Asynchronous Load  ; 0     ;
; Number of registers using Clock Enable       ; 0     ;
; Number of registers using Preset             ; 0     ;
+----------------------------------------------+-------+


+-----------------------------------------------------------------------------------------------------------------------------------------------+
; Multiplexer Restructuring Statistics (Restructuring Performed)                                                                                ;
+--------------------+-----------+---------------+----------------------+------------------------+------------+---------------------------------+
; Multiplexer Inputs ; Bus Width ; Baseline Area ; Area if Restructured ; Saving if Restructured ; Registered ; Example Multiplexer Output      ;
+--------------------+-----------+---------------+----------------------+------------------------+------------+---------------------------------+
; 16:1               ; 2 bits    ; 20 LEs        ; 12 LEs               ; 8 LEs                  ; No         ; |top_alu_fpga|alu:alu_inst|Mux1 ;
+--------------------+-----------+---------------+----------------------+------------------------+------------+---------------------------------+


+-----------------------------------------------------------+
; Parameter Settings for User Entity Instance: alu:alu_inst ;
+----------------+-------+----------------------------------+
; Parameter Name ; Value ; Type                             ;
+----------------+-------+----------------------------------+
; N              ; 3     ; Signed Integer                   ;
+----------------+-------+----------------------------------+
Note: In order to hide this table in the UI and the text report file, please set the "Show Parameter Settings in Synthesis Report" option in "Analysis and Synthesis Settings -> More Settings" to "Off".


+-------------------------------------------------------------------------+
; Parameter Settings for User Entity Instance: multi_digit_display:disp_a ;
+----------------+-------+------------------------------------------------+
; Parameter Name ; Value ; Type                                           ;
+----------------+-------+------------------------------------------------+
; NUM_DIGITS     ; 1     ; Signed Integer                                 ;
+----------------+-------+------------------------------------------------+
Note: In order to hide this table in the UI and the text report file, please set the "Show Parameter Settings in Synthesis Report" option in "Analysis and Synthesis Settings -> More Settings" to "Off".


+-------------------------------------------------------------------------+
; Parameter Settings for User Entity Instance: multi_digit_display:disp_b ;
+----------------+-------+------------------------------------------------+
; Parameter Name ; Value ; Type                                           ;
+----------------+-------+------------------------------------------------+
; NUM_DIGITS     ; 1     ; Signed Integer                                 ;
+----------------+-------+------------------------------------------------+
Note: In order to hide this table in the UI and the text report file, please set the "Show Parameter Settings in Synthesis Report" option in "Analysis and Synthesis Settings -> More Settings" to "Off".


+-------------------------------------------------------------------------+
; Parameter Settings for User Entity Instance: multi_digit_display:disp_y ;
+----------------+-------+------------------------------------------------+
; Parameter Name ; Value ; Type                                           ;
+----------------+-------+------------------------------------------------+
; NUM_DIGITS     ; 1     ; Signed Integer                                 ;
+----------------+-------+------------------------------------------------+
Note: In order to hide this table in the UI and the text report file, please set the "Show Parameter Settings in Synthesis Report" option in "Analysis and Synthesis Settings -> More Settings" to "Off".


+----------------------------------------------------------------------------------------------------------------+
; Port Connectivity Checks: "multi_digit_display:disp_a|seven_segment_decoder:digits[0].dec"                     ;
+------+--------+----------+-------------------------------------------------------------------------------------+
; Port ; Type   ; Severity ; Details                                                                             ;
+------+--------+----------+-------------------------------------------------------------------------------------+
; RBI  ; Input  ; Info     ; Stuck at GND                                                                        ;
; RBO  ; Output ; Info     ; Connected to dangling logic. Logic that only feeds a dangling port will be removed. ;
+------+--------+----------+-------------------------------------------------------------------------------------+


+-------------------------------------------------------------------------------------------------------------------------------------------------------------------------------------------------------------+
; Port Connectivity Checks: "alu:alu_inst"                                                                                                                                                                    ;
+------+--------+----------+----------------------------------------------------------------------------------------------------------------------------------------------------------------------------------+
; Port ; Type   ; Severity ; Details                                                                                                                                                                          ;
+------+--------+----------+----------------------------------------------------------------------------------------------------------------------------------------------------------------------------------+
; A    ; Input  ; Warning  ; Input port expression (4 bits) is wider than the input port (3 bits) it drives.  The 1 most-significant bit(s) in the expression will be dangling if they have no other fanouts. ;
; B    ; Input  ; Warning  ; Input port expression (4 bits) is wider than the input port (3 bits) it drives.  The 1 most-significant bit(s) in the expression will be dangling if they have no other fanouts. ;
; Y    ; Output ; Warning  ; Output or bidir port (3 bits) is smaller than the port expression (4 bits) it drives.  The 1 most-significant bit(s) in the port expression will be connected to GND.            ;
+------+--------+----------+----------------------------------------------------------------------------------------------------------------------------------------------------------------------------------+


+-----------------------------------------------------+
; Post-Synthesis Netlist Statistics for Top Partition ;
+-----------------------+-----------------------------+
; Type                  ; Count                       ;
+-----------------------+-----------------------------+
; arriav_lcell_comb     ; 48                          ;
;     normal            ; 48                          ;
;         0 data inputs ; 1                           ;
;         1 data inputs ; 7                           ;
;         2 data inputs ; 2                           ;
;         3 data inputs ; 8                           ;
;         4 data inputs ; 21                          ;
;         5 data inputs ; 2                           ;
;         6 data inputs ; 7                           ;
; boundary_port         ; 47                          ;
;                       ;                             ;
; Max LUT depth         ; 4.00                        ;
; Average LUT depth     ; 2.75                        ;
+-----------------------+-----------------------------+


+-------------------------------+
; Elapsed Time Per Partition    ;
+----------------+--------------+
; Partition Name ; Elapsed Time ;
+----------------+--------------+
; Top            ; 00:00:00     ;
+----------------+--------------+


+-------------------------------+
; Analysis & Synthesis Messages ;
+-------------------------------+
Info: *******************************************************************
Info: Running Quartus Prime Analysis & Synthesis
    Info: Version 20.1.1 Build 720 11/11/2020 SJ Lite Edition
    Info: Processing started: Tue Sep  2 19:21:36 2025
Info: Command: quartus_map --read_settings_files=on --write_settings_files=off top_alu_fpga -c top_alu_fpga
Warning (18236): Number of processors has not been specified which may cause overloading on shared machines.  Set the global assignment NUM_PARALLEL_PROCESSORS in your QSF to an appropriate value for best performance.
Info (20030): Parallel compilation is enabled and will use 4 of the 4 processors detected
Info (12021): Found 1 design units, including 1 entities, in source file /home/maker/Documents/FH/WS2025/Programmable_Logic_Design/modelsim_projects/Assignment_1/Q9_Arithmetic_Logic_Unit/top_alu_fpga.sv
    Info (12023): Found entity 1: top_alu_fpga File: /home/maker/Documents/FH/WS2025/Programmable_Logic_Design/modelsim_projects/Assignment_1/Q9_Arithmetic_Logic_Unit/top_alu_fpga.sv Line: 1
Info (12021): Found 1 design units, including 1 entities, in source file /home/maker/Documents/FH/WS2025/Programmable_Logic_Design/modelsim_projects/Assignment_1/Q9_Arithmetic_Logic_Unit/alu.sv
    Info (12023): Found entity 1: alu File: /home/maker/Documents/FH/WS2025/Programmable_Logic_Design/modelsim_projects/Assignment_1/Q9_Arithmetic_Logic_Unit/alu.sv Line: 1
Info (12021): Found 1 design units, including 1 entities, in source file /home/maker/Documents/FH/WS2025/Programmable_Logic_Design/modelsim_projects/Assignment_1/Q1_Seven_Segment_Decoder/seven_segment_decoder.sv
    Info (12023): Found entity 1: seven_segment_decoder File: /home/maker/Documents/FH/WS2025/Programmable_Logic_Design/modelsim_projects/Assignment_1/Q1_Seven_Segment_Decoder/seven_segment_decoder.sv Line: 29
Info (12021): Found 1 design units, including 1 entities, in source file /home/maker/Documents/FH/WS2025/Programmable_Logic_Design/modelsim_projects/Assignment_1/Q1_Seven_Segment_Decoder/multi_digit_display.sv
    Info (12023): Found entity 1: multi_digit_display File: /home/maker/Documents/FH/WS2025/Programmable_Logic_Design/modelsim_projects/Assignment_1/Q1_Seven_Segment_Decoder/multi_digit_display.sv Line: 27
Info (12127): Elaborating entity "top_alu_fpga" for the top level hierarchy
Info (12128): Elaborating entity "alu" for hierarchy "alu:alu_inst" File: /home/maker/Documents/FH/WS2025/Programmable_Logic_Design/modelsim_projects/Assignment_1/Q9_Arithmetic_Logic_Unit/top_alu_fpga.sv Line: 15
Warning (10230): Verilog HDL assignment warning at alu.sv(47): truncated value with size 32 to match size of target (3) File: /home/maker/Documents/FH/WS2025/Programmable_Logic_Design/modelsim_projects/Assignment_1/Q9_Arithmetic_Logic_Unit/alu.sv Line: 47
Warning (10230): Verilog HDL assignment warning at alu.sv(48): truncated value with size 32 to match size of target (3) File: /home/maker/Documents/FH/WS2025/Programmable_Logic_Design/modelsim_projects/Assignment_1/Q9_Arithmetic_Logic_Unit/alu.sv Line: 48
Info (12128): Elaborating entity "multi_digit_display" for hierarchy "multi_digit_display:disp_a" File: /home/maker/Documents/FH/WS2025/Programmable_Logic_Design/modelsim_projects/Assignment_1/Q9_Arithmetic_Logic_Unit/top_alu_fpga.sv Line: 20
Info (12128): Elaborating entity "seven_segment_decoder" for hierarchy "multi_digit_display:disp_a|seven_segment_decoder:digits[0].dec" File: /home/maker/Documents/FH/WS2025/Programmable_Logic_Design/modelsim_projects/Assignment_1/Q1_Seven_Segment_Decoder/multi_digit_display.sv Line: 85
Warning (12241): 1 hierarchies have connectivity warnings - see the Connectivity Checks report folder
Warning (13024): Output pins are stuck at VCC or GND
    Warning (13410): Pin "Y[3]" is stuck at GND File: /home/maker/Documents/FH/WS2025/Programmable_Logic_Design/modelsim_projects/Assignment_1/Q9_Arithmetic_Logic_Unit/top_alu_fpga.sv Line: 4
Info (286030): Timing-Driven Synthesis is running
Info (16010): Generating hard_block partition "hard_block:auto_generated_inst"
    Info (16011): Adding 0 node(s), including 0 DDIO, 0 PLL, 0 transceiver and 0 LCELL
Info (21057): Implemented 87 device resources after synthesis - the final resource count might be different
    Info (21058): Implemented 12 input pins
    Info (21059): Implemented 35 output pins
    Info (21061): Implemented 40 logic cells
Info: Quartus Prime Analysis & Synthesis was successful. 0 errors, 6 warnings
    Info: Peak virtual memory: 458 megabytes
    Info: Processing ended: Tue Sep  2 19:21:43 2025
    Info: Elapsed time: 00:00:07
    Info: Total CPU time (on all processors): 00:00:18


